# JRE version: Java(TM) SE Runtime Environment (8.0_91-b14) (build 1.8.0_91-b14)
# Java VM: Java HotSpot(TM) 64-Bit Server VM (25.91-b14 mixed mode linux-amd64 compressed oops)
Heap:
 PSYoungGen      total 299520K, used 11960K [0x00000000d5580000, 0x00000000e9180000, 0x0000000100000000)
  eden space 299008K, 4% used [0x00000000d5580000,0x00000000d612e290,0x00000000e7980000)
  from space 512K, 0% used [0x00000000e7980000,0x00000000e7980000,0x00000000e7a00000)
  to   space 12288K, 0% used [0x00000000e8580000,0x00000000e8580000,0x00000000e9180000)
 ParOldGen       total 1398272K, used 2555K [0x0000000080000000, 0x00000000d5580000, 0x00000000d5580000)
  object space 1398272K, 0% used [0x0000000080000000,0x000000008027edb0,0x00000000d5580000)
 Metaspace       used 18735K, capacity 19288K, committed 19456K, reserved 1067008K
  class space    used 2061K, capacity 2222K, committed 2304K, reserved 1048576K
GC Heap History (10 events):
Event: 66.607 GC heap before
{Heap before GC invocations=137 (full 46):
 PSYoungGen      total 299520K, used 64K [0x00000000d5580000, 0x00000000e9480000, 0x0000000100000000)
  eden space 299008K, 0% used [0x00000000d5580000,0x00000000d5580000,0x00000000e7980000)
  from space 512K, 12% used [0x00000000e7980000,0x00000000e7990000,0x00000000e7a00000)
  to   space 13824K, 0% used [0x00000000e8700000,0x00000000e8700000,0x00000000e9480000)
 ParOldGen       total 1398272K, used 2554K [0x0000000080000000, 0x00000000d5580000, 0x00000000d5580000)
  object space 1398272K, 0% used [0x0000000080000000,0x000000008027ebf8,0x00000000d5580000)
 Metaspace       used 18703K, capacity 19298K, committed 19456K, reserved 1067008K
  class space    used 2059K, capacity 2224K, committed 2304K, reserved 1048576K
Event: 66.639 GC heap after
Heap after GC invocations=137 (full 46):
 PSYoungGen      total 299520K, used 0K [0x00000000d5580000, 0x00000000e9480000, 0x0000000100000000)
  eden space 299008K, 0% used [0x00000000d5580000,0x00000000d5580000,0x00000000e7980000)
  from space 512K, 0% used [0x00000000e7980000,0x00000000e7980000,0x00000000e7a00000)
  to   space 13824K, 0% used [0x00000000e8700000,0x00000000e8700000,0x00000000e9480000)
 ParOldGen       total 1398272K, used 2555K [0x0000000080000000, 0x00000000d5580000, 0x00000000d5580000)
  object space 1398272K, 0% used [0x0000000080000000,0x000000008027ed38,0x00000000d5580000)
 Metaspace       used 18695K, capacity 19288K, committed 19456K, reserved 1067008K
  class space    used 2057K, capacity 2222K, committed 2304K, reserved 1048576K
}
Event: 66.787 GC heap before
{Heap before GC invocations=138 (full 46):
 PSYoungGen      total 299520K, used 58795K [0x00000000d5580000, 0x00000000e9480000, 0x0000000100000000)
  eden space 299008K, 19% used [0x00000000d5580000,0x00000000d8eeaef0,0x00000000e7980000)
  from space 512K, 0% used [0x00000000e7980000,0x00000000e7980000,0x00000000e7a00000)
  to   space 13824K, 0% used [0x00000000e8700000,0x00000000e8700000,0x00000000e9480000)
 ParOldGen       total 1398272K, used 2555K [0x0000000080000000, 0x00000000d5580000, 0x00000000d5580000)
  object space 1398272K, 0% used [0x0000000080000000,0x000000008027ed38,0x00000000d5580000)
 Metaspace       used 18718K, capacity 19298K, committed 19456K, reserved 1067008K
  class space    used 2059K, capacity 2224K, committed 2304K, reserved 1048576K
Event: 66.789 GC heap after
Heap after GC invocations=138 (full 46):
 PSYoungGen      total 310784K, used 64K [0x00000000d5580000, 0x00000000e9280000, 0x0000000100000000)
  eden space 299008K, 0% used [0x00000000d5580000,0x00000000d5580000,0x00000000e7980000)
  from space 11776K, 0% used [0x00000000e8700000,0x00000000e8710000,0x00000000e9280000)
  to   space 12800K, 0% used [0x00000000e7980000,0x00000000e7980000,0x00000000e8600000)
 ParOldGen       total 1398272K, used 2555K [0x0000000080000000, 0x00000000d5580000, 0x00000000d5580000)
  object space 1398272K, 0% used [0x0000000080000000,0x000000008027ed38,0x00000000d5580000)
 Metaspace       used 18718K, capacity 19298K, committed 19456K, reserved 1067008K
  class space    used 2059K, capacity 2224K, committed 2304K, reserved 1048576K
}
Event: 66.789 GC heap before
{Heap before GC invocations=139 (full 47):
 PSYoungGen      total 310784K, used 64K [0x00000000d5580000, 0x00000000e9280000, 0x0000000100000000)
  eden space 299008K, 0% used [0x00000000d5580000,0x00000000d5580000,0x00000000e7980000)
  from space 11776K, 0% used [0x00000000e8700000,0x00000000e8710000,0x00000000e9280000)
  to   space 12800K, 0% used [0x00000000e7980000,0x00000000e7980000,0x00000000e8600000)
 ParOldGen       total 1398272K, used 2555K [0x0000000080000000, 0x00000000d5580000, 0x00000000d5580000)
  object space 1398272K, 0% used [0x0000000080000000,0x000000008027ed38,0x00000000d5580000)
 Metaspace       used 18718K, capacity 19298K, committed 19456K, reserved 1067008K
  class space    used 2059K, capacity 2224K, committed 2304K, reserved 1048576K
Event: 66.823 GC heap after
Heap after GC invocations=139 (full 47):
 PSYoungGen      total 310784K, used 0K [0x00000000d5580000, 0x00000000e9280000, 0x0000000100000000)
  eden space 299008K, 0% used [0x00000000d5580000,0x00000000d5580000,0x00000000e7980000)
  from space 11776K, 0% used [0x00000000e8700000,0x00000000e8700000,0x00000000e9280000)
  to   space 12800K, 0% used [0x00000000e7980000,0x00000000e7980000,0x00000000e8600000)
 ParOldGen       total 1398272K, used 2555K [0x0000000080000000, 0x00000000d5580000, 0x00000000d5580000)
  object space 1398272K, 0% used [0x0000000080000000,0x000000008027ed38,0x00000000d5580000)
 Metaspace       used 18710K, capacity 19288K, committed 19456K, reserved 1067008K
  class space    used 2057K, capacity 2222K, committed 2304K, reserved 1048576K
}
Event: 66.956 GC heap before
{Heap before GC invocations=140 (full 47):
 PSYoungGen      total 310784K, used 63684K [0x00000000d5580000, 0x00000000e9280000, 0x0000000100000000)
  eden space 299008K, 21% used [0x00000000d5580000,0x00000000d93b1078,0x00000000e7980000)
  from space 11776K, 0% used [0x00000000e8700000,0x00000000e8700000,0x00000000e9280000)
  to   space 12800K, 0% used [0x00000000e7980000,0x00000000e7980000,0x00000000e8600000)
 ParOldGen       total 1398272K, used 2555K [0x0000000080000000, 0x00000000d5580000, 0x00000000d5580000)
  object space 1398272K, 0% used [0x0000000080000000,0x000000008027ed38,0x00000000d5580000)
 Metaspace       used 18723K, capacity 19298K, committed 19456K, reserved 1067008K
  class space    used 2059K, capacity 2224K, committed 2304K, reserved 1048576K
Event: 66.958 GC heap after
Heap after GC invocations=140 (full 47):
 PSYoungGen      total 299520K, used 64K [0x00000000d5580000, 0x00000000e9180000, 0x0000000100000000)
  eden space 299008K, 0% used [0x00000000d5580000,0x00000000d5580000,0x00000000e7980000)
  from space 512K, 12% used [0x00000000e7980000,0x00000000e7990000,0x00000000e7a00000)
  to   space 12288K, 0% used [0x00000000e8580000,0x00000000e8580000,0x00000000e9180000)
 ParOldGen       total 1398272K, used 2555K [0x0000000080000000, 0x00000000d5580000, 0x00000000d5580000)
  object space 1398272K, 0% used [0x0000000080000000,0x000000008027ed38,0x00000000d5580000)
 Metaspace       used 18723K, capacity 19298K, committed 19456K, reserved 1067008K
  class space    used 2059K, capacity 2224K, committed 2304K, reserved 1048576K
}
Event: 66.958 GC heap before
{Heap before GC invocations=141 (full 48):
 PSYoungGen      total 299520K, used 64K [0x00000000d5580000, 0x00000000e9180000, 0x0000000100000000)
  eden space 299008K, 0% used [0x00000000d5580000,0x00000000d5580000,0x00000000e7980000)
  from space 512K, 12% used [0x00000000e7980000,0x00000000e7990000,0x00000000e7a00000)
  to   space 12288K, 0% used [0x00000000e8580000,0x00000000e8580000,0x00000000e9180000)
 ParOldGen       total 1398272K, used 2555K [0x0000000080000000, 0x00000000d5580000, 0x00000000d5580000)
  object space 1398272K, 0% used [0x0000000080000000,0x000000008027ed38,0x00000000d5580000)
 Metaspace       used 18723K, capacity 19298K, committed 19456K, reserved 1067008K
  class space    used 2059K, capacity 2224K, committed 2304K, reserved 1048576K
Event: 66.991 GC heap after
Heap after GC invocations=141 (full 48):
 PSYoungGen      total 299520K, used 0K [0x00000000d5580000, 0x00000000e9180000, 0x0000000100000000)
  eden space 299008K, 0% used [0x00000000d5580000,0x00000000d5580000,0x00000000e7980000)
  from space 512K, 0% used [0x00000000e7980000,0x00000000e7980000,0x00000000e7a00000)
  to   space 12288K, 0% used [0x00000000e8580000,0x00000000e8580000,0x00000000e9180000)
 ParOldGen       total 1398272K, used 2555K [0x0000000080000000, 0x00000000d5580000, 0x00000000d5580000)
  object space 1398272K, 0% used [0x0000000080000000,0x000000008027edb0,0x00000000d5580000)
 Metaspace       used 18715K, capacity 19288K, committed 19456K, reserved 1067008K
  class space    used 2057K, capacity 2222K, committed 2304K, reserved 1048576K
}

